<?xml version='1.0' encoding='UTF-8'?>
<testsuite hostname="JEYDURAI-WS04" name="SetSuite" tests="2" errors="0" failures="0" time="0.04">
                     <properties>
[...]
</properties>
                     <testcase classname="SetSuite" name="An empty Set should have size 0" time="0.03">
                                                 
                                               </testcase><testcase classname="SetSuite" name="Invoking head on an empty Set should produce NoSuchElementException" time="0.01">
                                                 
                                               </testcase>
                     <system-out></system-out>
                     <system-err></system-err>
                   </testsuite>